The target system is: Android - 1 - i686
The host system is: Linux - 5.13.0-35-generic - x86_64
Detecting C compiler ABI info compiled with the following output:
Change Dir: /home/yang/yangpro/metartc3/metapushstream3_android/app/.cxx/Debug/5i4l2v6t/x86/CMakeFiles/CMakeTmp

Run Build Command(s):/home/yang/pro/android/android-sdk-linux/cmake/3.18.1/bin/ninja cmTC_960a7 && [1/2] Building C object CMakeFiles/cmTC_960a7.dir/CMakeCCompilerABI.c.o
Android (7019983 based on r365631c3) clang version 9.0.9 (https://android.googlesource.com/toolchain/llvm-project a2a1e703c0edb03ba29944e529ccbf457742737b) (based on LLVM 9.0.9svn)
Target: i686-none-linux-android29
Thread model: posix
InstalledDir: /home/yang/pro/android/android-sdk-linux/ndk/21.4.7075529/toolchains/llvm/prebuilt/linux-x86_64/bin
Found candidate GCC installation: /home/yang/pro/android/android-sdk-linux/ndk/21.4.7075529/toolchains/llvm/prebuilt/linux-x86_64/lib/gcc/i686-linux-android/4.9.x
Found candidate GCC installation: /home/yang/pro/android/android-sdk-linux/ndk/21.4.7075529/toolchains/llvm/prebuilt/linux-x86_64/lib/gcc/x86_64-linux-android/4.9.x
Selected GCC installation: /home/yang/pro/android/android-sdk-linux/ndk/21.4.7075529/toolchains/llvm/prebuilt/linux-x86_64/lib/gcc/i686-linux-android/4.9.x
Candidate multilib: .;@m32
Selected multilib: .;@m32
 "/home/yang/pro/android/android-sdk-linux/ndk/21.4.7075529/toolchains/llvm/prebuilt/linux-x86_64/bin/clang" -cc1 -triple i686-none-linux-android29 -emit-obj -mrelax-all -mnoexecstack -disable-free -disable-llvm-verifier -discard-value-names -main-file-name CMakeCCompilerABI.c -mrelocation-model pic -pic-level 2 -pic-is-pie -mthread-model posix -mdisable-fp-elim -masm-verbose -mconstructor-aliases -munwind-tables -fuse-init-array -target-cpu i686 -target-feature +ssse3 -dwarf-column-info -debug-info-kind=limited -dwarf-version=4 -debugger-tuning=gdb -v -ffunction-sections -fdata-sections -coverage-notes-file /home/yang/yangpro/metartc3/metapushstream3_android/app/.cxx/Debug/5i4l2v6t/x86/CMakeFiles/CMakeTmp/CMakeFiles/cmTC_960a7.dir/CMakeCCompilerABI.c.gcno -resource-dir /home/yang/pro/android/android-sdk-linux/ndk/21.4.7075529/toolchains/llvm/prebuilt/linux-x86_64/lib64/clang/9.0.9 -dependency-file CMakeFiles/cmTC_960a7.dir/CMakeCCompilerABI.c.o.d -sys-header-deps -MT CMakeFiles/cmTC_960a7.dir/CMakeCCompilerABI.c.o -D ANDROID -D _FORTIFY_SOURCE=2 -isysroot /home/yang/pro/android/android-sdk-linux/ndk/21.4.7075529/toolchains/llvm/prebuilt/linux-x86_64/sysroot -internal-isystem /home/yang/pro/android/android-sdk-linux/ndk/21.4.7075529/toolchains/llvm/prebuilt/linux-x86_64/sysroot/usr/local/include -internal-isystem /home/yang/pro/android/android-sdk-linux/ndk/21.4.7075529/toolchains/llvm/prebuilt/linux-x86_64/lib64/clang/9.0.9/include -internal-externc-isystem /home/yang/pro/android/android-sdk-linux/ndk/21.4.7075529/toolchains/llvm/prebuilt/linux-x86_64/sysroot/usr/include/i686-linux-android -internal-externc-isystem /home/yang/pro/android/android-sdk-linux/ndk/21.4.7075529/toolchains/llvm/prebuilt/linux-x86_64/sysroot/include -internal-externc-isystem /home/yang/pro/android/android-sdk-linux/ndk/21.4.7075529/toolchains/llvm/prebuilt/linux-x86_64/sysroot/usr/include -Wformat -fdebug-compilation-dir /home/yang/yangpro/metartc3/metapushstream3_android/app/.cxx/Debug/5i4l2v6t/x86/CMakeFiles/CMakeTmp -ferror-limit 19 -fmessage-length 0 -stack-protector 2 -fobjc-runtime=gcc -fdiagnostics-show-option -o CMakeFiles/cmTC_960a7.dir/CMakeCCompilerABI.c.o -x c /home/yang/pro/android/android-sdk-linux/cmake/3.18.1/share/cmake-3.18/Modules/CMakeCCompilerABI.c
clang -cc1 version 9.0.9 based upon LLVM 9.0.9svn default target x86_64-unknown-linux-gnu
ignoring nonexistent directory "/home/yang/pro/android/android-sdk-linux/ndk/21.4.7075529/toolchains/llvm/prebuilt/linux-x86_64/sysroot/include"
#include "..." search starts here:
#include <...> search starts here:
 /home/yang/pro/android/android-sdk-linux/ndk/21.4.7075529/toolchains/llvm/prebuilt/linux-x86_64/sysroot/usr/local/include
 /home/yang/pro/android/android-sdk-linux/ndk/21.4.7075529/toolchains/llvm/prebuilt/linux-x86_64/lib64/clang/9.0.9/include
 /home/yang/pro/android/android-sdk-linux/ndk/21.4.7075529/toolchains/llvm/prebuilt/linux-x86_64/sysroot/usr/include/i686-linux-android
 /home/yang/pro/android/android-sdk-linux/ndk/21.4.7075529/toolchains/llvm/prebuilt/linux-x86_64/sysroot/usr/include
End of search list.
[2/2] Linking C executable cmTC_960a7
Android (7019983 based on r365631c3) clang version 9.0.9 (https://android.googlesource.com/toolchain/llvm-project a2a1e703c0edb03ba29944e529ccbf457742737b) (based on LLVM 9.0.9svn)
Target: i686-none-linux-android29
Thread model: posix
InstalledDir: /home/yang/pro/android/android-sdk-linux/ndk/21.4.7075529/toolchains/llvm/prebuilt/linux-x86_64/bin
Found candidate GCC installation: /home/yang/pro/android/android-sdk-linux/ndk/21.4.7075529/toolchains/llvm/prebuilt/linux-x86_64/lib/gcc/i686-linux-android/4.9.x
Found candidate GCC installation: /home/yang/pro/android/android-sdk-linux/ndk/21.4.7075529/toolchains/llvm/prebuilt/linux-x86_64/lib/gcc/x86_64-linux-android/4.9.x
Selected GCC installation: /home/yang/pro/android/android-sdk-linux/ndk/21.4.7075529/toolchains/llvm/prebuilt/linux-x86_64/lib/gcc/i686-linux-android/4.9.x
Candidate multilib: .;@m32
Selected multilib: .;@m32
 "/home/yang/pro/android/android-sdk-linux/ndk/21.4.7075529/toolchains/llvm/prebuilt/linux-x86_64/lib/gcc/i686-linux-android/4.9.x/../../../../i686-linux-android/bin/ld" --sysroot=/home/yang/pro/android/android-sdk-linux/ndk/21.4.7075529/toolchains/llvm/prebuilt/linux-x86_64/sysroot -pie -z noexecstack --warn-shared-textrel -z now -z relro --hash-style=gnu --hash-style=both --enable-new-dtags --eh-frame-hdr -m elf_i386 -dynamic-linker /system/bin/linker -o cmTC_960a7 /home/yang/pro/android/android-sdk-linux/ndk/21.4.7075529/toolchains/llvm/prebuilt/linux-x86_64/sysroot/usr/lib/i686-linux-android/29/crtbegin_dynamic.o -L/home/yang/pro/android/android-sdk-linux/ndk/21.4.7075529/toolchains/llvm/prebuilt/linux-x86_64/lib64/clang/9.0.9/lib/linux/i386 -L/home/yang/pro/android/android-sdk-linux/ndk/21.4.7075529/toolchains/llvm/prebuilt/linux-x86_64/lib/gcc/i686-linux-android/4.9.x -L/home/yang/pro/android/android-sdk-linux/ndk/21.4.7075529/toolchains/llvm/prebuilt/linux-x86_64/sysroot/usr/lib/i686-linux-android/29 -L/home/yang/pro/android/android-sdk-linux/ndk/21.4.7075529/toolchains/llvm/prebuilt/linux-x86_64/sysroot/usr/lib/i686-linux-android -L/home/yang/pro/android/android-sdk-linux/ndk/21.4.7075529/toolchains/llvm/prebuilt/linux-x86_64/lib/gcc/i686-linux-android/4.9.x/../../../../i686-linux-android/lib -L/home/yang/pro/android/android-sdk-linux/ndk/21.4.7075529/toolchains/llvm/prebuilt/linux-x86_64/sysroot/usr/lib --exclude-libs libgcc.a --exclude-libs libgcc_real.a --exclude-libs libatomic.a --build-id --fatal-warnings --no-undefined --gc-sections CMakeFiles/cmTC_960a7.dir/CMakeCCompilerABI.c.o -lgcc -ldl -lc -lgcc -ldl /home/yang/pro/android/android-sdk-linux/ndk/21.4.7075529/toolchains/llvm/prebuilt/linux-x86_64/sysroot/usr/lib/i686-linux-android/29/crtend_android.o



Parsed C implicit include dir info from above output: rv=done
  found start of include info
  found start of implicit include info
    add: [/home/yang/pro/android/android-sdk-linux/ndk/21.4.7075529/toolchains/llvm/prebuilt/linux-x86_64/sysroot/usr/local/include]
    add: [/home/yang/pro/android/android-sdk-linux/ndk/21.4.7075529/toolchains/llvm/prebuilt/linux-x86_64/lib64/clang/9.0.9/include]
    add: [/home/yang/pro/android/android-sdk-linux/ndk/21.4.7075529/toolchains/llvm/prebuilt/linux-x86_64/sysroot/usr/include/i686-linux-android]
    add: [/home/yang/pro/android/android-sdk-linux/ndk/21.4.7075529/toolchains/llvm/prebuilt/linux-x86_64/sysroot/usr/include]
  end of search list found
  collapse include dir [/home/yang/pro/android/android-sdk-linux/ndk/21.4.7075529/toolchains/llvm/prebuilt/linux-x86_64/sysroot/usr/local/include] ==> [/home/yang/pro/android/android-sdk-linux/ndk/21.4.7075529/toolchains/llvm/prebuilt/linux-x86_64/sysroot/usr/local/include]
  collapse include dir [/home/yang/pro/android/android-sdk-linux/ndk/21.4.7075529/toolchains/llvm/prebuilt/linux-x86_64/lib64/clang/9.0.9/include] ==> [/home/yang/pro/android/android-sdk-linux/ndk/21.4.7075529/toolchains/llvm/prebuilt/linux-x86_64/lib64/clang/9.0.9/include]
  collapse include dir [/home/yang/pro/android/android-sdk-linux/ndk/21.4.7075529/toolchains/llvm/prebuilt/linux-x86_64/sysroot/usr/include/i686-linux-android] ==> [/home/yang/pro/android/android-sdk-linux/ndk/21.4.7075529/toolchains/llvm/prebuilt/linux-x86_64/sysroot/usr/include/i686-linux-android]
  collapse include dir [/home/yang/pro/android/android-sdk-linux/ndk/21.4.7075529/toolchains/llvm/prebuilt/linux-x86_64/sysroot/usr/include] ==> [/home/yang/pro/android/android-sdk-linux/ndk/21.4.7075529/toolchains/llvm/prebuilt/linux-x86_64/sysroot/usr/include]
  implicit include dirs: [/home/yang/pro/android/android-sdk-linux/ndk/21.4.7075529/toolchains/llvm/prebuilt/linux-x86_64/sysroot/usr/local/include;/home/yang/pro/android/android-sdk-linux/ndk/21.4.7075529/toolchains/llvm/prebuilt/linux-x86_64/lib64/clang/9.0.9/include;/home/yang/pro/android/android-sdk-linux/ndk/21.4.7075529/toolchains/llvm/prebuilt/linux-x86_64/sysroot/usr/include/i686-linux-android;/home/yang/pro/android/android-sdk-linux/ndk/21.4.7075529/toolchains/llvm/prebuilt/linux-x86_64/sysroot/usr/include]


Parsed C implicit link information from above output:
  link line regex: [^( *|.*[/\])(i686-linux-android-ld|CMAKE_LINK_STARTFILE-NOTFOUND|([^/\]+-)?ld|collect2)[^/\]*( |$)]
  ignore line: [Change Dir: /home/yang/yangpro/metartc3/metapushstream3_android/app/.cxx/Debug/5i4l2v6t/x86/CMakeFiles/CMakeTmp]
  ignore line: []
  ignore line: [Run Build Command(s):/home/yang/pro/android/android-sdk-linux/cmake/3.18.1/bin/ninja cmTC_960a7 && [1/2] Building C object CMakeFiles/cmTC_960a7.dir/CMakeCCompilerABI.c.o]
  ignore line: [Android (7019983 based on r365631c3) clang version 9.0.9 (https://android.googlesource.com/toolchain/llvm-project a2a1e703c0edb03ba29944e529ccbf457742737b) (based on LLVM 9.0.9svn)]
  ignore line: [Target: i686-none-linux-android29]
  ignore line: [Thread model: posix]
  ignore line: [InstalledDir: /home/yang/pro/android/android-sdk-linux/ndk/21.4.7075529/toolchains/llvm/prebuilt/linux-x86_64/bin]
  ignore line: [Found candidate GCC installation: /home/yang/pro/android/android-sdk-linux/ndk/21.4.7075529/toolchains/llvm/prebuilt/linux-x86_64/lib/gcc/i686-linux-android/4.9.x]
  ignore line: [Found candidate GCC installation: /home/yang/pro/android/android-sdk-linux/ndk/21.4.7075529/toolchains/llvm/prebuilt/linux-x86_64/lib/gcc/x86_64-linux-android/4.9.x]
  ignore line: [Selected GCC installation: /home/yang/pro/android/android-sdk-linux/ndk/21.4.7075529/toolchains/llvm/prebuilt/linux-x86_64/lib/gcc/i686-linux-android/4.9.x]
  ignore line: [Candidate multilib: .]
  ignore line: [@m32]
  ignore line: [Selected multilib: .]
  ignore line: [@m32]
  ignore line: [ "/home/yang/pro/android/android-sdk-linux/ndk/21.4.7075529/toolchains/llvm/prebuilt/linux-x86_64/bin/clang" -cc1 -triple i686-none-linux-android29 -emit-obj -mrelax-all -mnoexecstack -disable-free -disable-llvm-verifier -discard-value-names -main-file-name CMakeCCompilerABI.c -mrelocation-model pic -pic-level 2 -pic-is-pie -mthread-model posix -mdisable-fp-elim -masm-verbose -mconstructor-aliases -munwind-tables -fuse-init-array -target-cpu i686 -target-feature +ssse3 -dwarf-column-info -debug-info-kind=limited -dwarf-version=4 -debugger-tuning=gdb -v -ffunction-sections -fdata-sections -coverage-notes-file /home/yang/yangpro/metartc3/metapushstream3_android/app/.cxx/Debug/5i4l2v6t/x86/CMakeFiles/CMakeTmp/CMakeFiles/cmTC_960a7.dir/CMakeCCompilerABI.c.gcno -resource-dir /home/yang/pro/android/android-sdk-linux/ndk/21.4.7075529/toolchains/llvm/prebuilt/linux-x86_64/lib64/clang/9.0.9 -dependency-file CMakeFiles/cmTC_960a7.dir/CMakeCCompilerABI.c.o.d -sys-header-deps -MT CMakeFiles/cmTC_960a7.dir/CMakeCCompilerABI.c.o -D ANDROID -D _FORTIFY_SOURCE=2 -isysroot /home/yang/pro/android/android-sdk-linux/ndk/21.4.7075529/toolchains/llvm/prebuilt/linux-x86_64/sysroot -internal-isystem /home/yang/pro/android/android-sdk-linux/ndk/21.4.7075529/toolchains/llvm/prebuilt/linux-x86_64/sysroot/usr/local/include -internal-isystem /home/yang/pro/android/android-sdk-linux/ndk/21.4.7075529/toolchains/llvm/prebuilt/linux-x86_64/lib64/clang/9.0.9/include -internal-externc-isystem /home/yang/pro/android/android-sdk-linux/ndk/21.4.7075529/toolchains/llvm/prebuilt/linux-x86_64/sysroot/usr/include/i686-linux-android -internal-externc-isystem /home/yang/pro/android/android-sdk-linux/ndk/21.4.7075529/toolchains/llvm/prebuilt/linux-x86_64/sysroot/include -internal-externc-isystem /home/yang/pro/android/android-sdk-linux/ndk/21.4.7075529/toolchains/llvm/prebuilt/linux-x86_64/sysroot/usr/include -Wformat -fdebug-compilation-dir /home/yang/yangpro/metartc3/metapushstream3_android/app/.cxx/Debug/5i4l2v6t/x86/CMakeFiles/CMakeTmp -ferror-limit 19 -fmessage-length 0 -stack-protector 2 -fobjc-runtime=gcc -fdiagnostics-show-option -o CMakeFiles/cmTC_960a7.dir/CMakeCCompilerABI.c.o -x c /home/yang/pro/android/android-sdk-linux/cmake/3.18.1/share/cmake-3.18/Modules/CMakeCCompilerABI.c]
  ignore line: [clang -cc1 version 9.0.9 based upon LLVM 9.0.9svn default target x86_64-unknown-linux-gnu]
  ignore line: [ignoring nonexistent directory "/home/yang/pro/android/android-sdk-linux/ndk/21.4.7075529/toolchains/llvm/prebuilt/linux-x86_64/sysroot/include"]
  ignore line: [#include "..." search starts here:]
  ignore line: [#include <...> search starts here:]
  ignore line: [ /home/yang/pro/android/android-sdk-linux/ndk/21.4.7075529/toolchains/llvm/prebuilt/linux-x86_64/sysroot/usr/local/include]
  ignore line: [ /home/yang/pro/android/android-sdk-linux/ndk/21.4.7075529/toolchains/llvm/prebuilt/linux-x86_64/lib64/clang/9.0.9/include]
  ignore line: [ /home/yang/pro/android/android-sdk-linux/ndk/21.4.7075529/toolchains/llvm/prebuilt/linux-x86_64/sysroot/usr/include/i686-linux-android]
  ignore line: [ /home/yang/pro/android/android-sdk-linux/ndk/21.4.7075529/toolchains/llvm/prebuilt/linux-x86_64/sysroot/usr/include]
  ignore line: [End of search list.]
  ignore line: [[2/2] Linking C executable cmTC_960a7]
  ignore line: [Android (7019983 based on r365631c3) clang version 9.0.9 (https://android.googlesource.com/toolchain/llvm-project a2a1e703c0edb03ba29944e529ccbf457742737b) (based on LLVM 9.0.9svn)]
  ignore line: [Target: i686-none-linux-android29]
  ignore line: [Thread model: posix]
  ignore line: [InstalledDir: /home/yang/pro/android/android-sdk-linux/ndk/21.4.7075529/toolchains/llvm/prebuilt/linux-x86_64/bin]
  ignore line: [Found candidate GCC installation: /home/yang/pro/android/android-sdk-linux/ndk/21.4.7075529/toolchains/llvm/prebuilt/linux-x86_64/lib/gcc/i686-linux-android/4.9.x]
  ignore line: [Found candidate GCC installation: /home/yang/pro/android/android-sdk-linux/ndk/21.4.7075529/toolchains/llvm/prebuilt/linux-x86_64/lib/gcc/x86_64-linux-android/4.9.x]
  ignore line: [Selected GCC installation: /home/yang/pro/android/android-sdk-linux/ndk/21.4.7075529/toolchains/llvm/prebuilt/linux-x86_64/lib/gcc/i686-linux-android/4.9.x]
  ignore line: [Candidate multilib: .]
  ignore line: [@m32]
  ignore line: [Selected multilib: .]
  ignore line: [@m32]
  link line: [ "/home/yang/pro/android/android-sdk-linux/ndk/21.4.7075529/toolchains/llvm/prebuilt/linux-x86_64/lib/gcc/i686-linux-android/4.9.x/../../../../i686-linux-android/bin/ld" --sysroot=/home/yang/pro/android/android-sdk-linux/ndk/21.4.7075529/toolchains/llvm/prebuilt/linux-x86_64/sysroot -pie -z noexecstack --warn-shared-textrel -z now -z relro --hash-style=gnu --hash-style=both --enable-new-dtags --eh-frame-hdr -m elf_i386 -dynamic-linker /system/bin/linker -o cmTC_960a7 /home/yang/pro/android/android-sdk-linux/ndk/21.4.7075529/toolchains/llvm/prebuilt/linux-x86_64/sysroot/usr/lib/i686-linux-android/29/crtbegin_dynamic.o -L/home/yang/pro/android/android-sdk-linux/ndk/21.4.7075529/toolchains/llvm/prebuilt/linux-x86_64/lib64/clang/9.0.9/lib/linux/i386 -L/home/yang/pro/android/android-sdk-linux/ndk/21.4.7075529/toolchains/llvm/prebuilt/linux-x86_64/lib/gcc/i686-linux-android/4.9.x -L/home/yang/pro/android/android-sdk-linux/ndk/21.4.7075529/toolchains/llvm/prebuilt/linux-x86_64/sysroot/usr/lib/i686-linux-android/29 -L/home/yang/pro/android/android-sdk-linux/ndk/21.4.7075529/toolchains/llvm/prebuilt/linux-x86_64/sysroot/usr/lib/i686-linux-android -L/home/yang/pro/android/android-sdk-linux/ndk/21.4.7075529/toolchains/llvm/prebuilt/linux-x86_64/lib/gcc/i686-linux-android/4.9.x/../../../../i686-linux-android/lib -L/home/yang/pro/android/android-sdk-linux/ndk/21.4.7075529/toolchains/llvm/prebuilt/linux-x86_64/sysroot/usr/lib --exclude-libs libgcc.a --exclude-libs libgcc_real.a --exclude-libs libatomic.a --build-id --fatal-warnings --no-undefined --gc-sections CMakeFiles/cmTC_960a7.dir/CMakeCCompilerABI.c.o -lgcc -ldl -lc -lgcc -ldl /home/yang/pro/android/android-sdk-linux/ndk/21.4.7075529/toolchains/llvm/prebuilt/linux-x86_64/sysroot/usr/lib/i686-linux-android/29/crtend_android.o]
    arg [/home/yang/pro/android/android-sdk-linux/ndk/21.4.7075529/toolchains/llvm/prebuilt/linux-x86_64/lib/gcc/i686-linux-android/4.9.x/../../../../i686-linux-android/bin/ld] ==> ignore
    arg [--sysroot=/home/yang/pro/android/android-sdk-linux/ndk/21.4.7075529/toolchains/llvm/prebuilt/linux-x86_64/sysroot] ==> ignore
    arg [-pie] ==> ignore
    arg [-znoexecstack] ==> ignore
    arg [--warn-shared-textrel] ==> ignore
    arg [-znow] ==> ignore
    arg [-zrelro] ==> ignore
    arg [--hash-style=gnu] ==> ignore
    arg [--hash-style=both] ==> ignore
    arg [--enable-new-dtags] ==> ignore
    arg [--eh-frame-hdr] ==> ignore
    arg [-m] ==> ignore
    arg [elf_i386] ==> ignore
    arg [-dynamic-linker] ==> ignore
    arg [/system/bin/linker] ==> ignore
    arg [-o] ==> ignore
    arg [cmTC_960a7] ==> ignore
    arg [/home/yang/pro/android/android-sdk-linux/ndk/21.4.7075529/toolchains/llvm/prebuilt/linux-x86_64/sysroot/usr/lib/i686-linux-android/29/crtbegin_dynamic.o] ==> ignore
    arg [-L/home/yang/pro/android/android-sdk-linux/ndk/21.4.7075529/toolchains/llvm/prebuilt/linux-x86_64/lib64/clang/9.0.9/lib/linux/i386] ==> dir [/home/yang/pro/android/android-sdk-linux/ndk/21.4.7075529/toolchains/llvm/prebuilt/linux-x86_64/lib64/clang/9.0.9/lib/linux/i386]
    arg [-L/home/yang/pro/android/android-sdk-linux/ndk/21.4.7075529/toolchains/llvm/prebuilt/linux-x86_64/lib/gcc/i686-linux-android/4.9.x] ==> dir [/home/yang/pro/android/android-sdk-linux/ndk/21.4.7075529/toolchains/llvm/prebuilt/linux-x86_64/lib/gcc/i686-linux-android/4.9.x]
    arg [-L/home/yang/pro/android/android-sdk-linux/ndk/21.4.7075529/toolchains/llvm/prebuilt/linux-x86_64/sysroot/usr/lib/i686-linux-android/29] ==> dir [/home/yang/pro/android/android-sdk-linux/ndk/21.4.7075529/toolchains/llvm/prebuilt/linux-x86_64/sysroot/usr/lib/i686-linux-android/29]
    arg [-L/home/yang/pro/android/android-sdk-linux/ndk/21.4.7075529/toolchains/llvm/prebuilt/linux-x86_64/sysroot/usr/lib/i686-linux-android] ==> dir [/home/yang/pro/android/android-sdk-linux/ndk/21.4.7075529/toolchains/llvm/prebuilt/linux-x86_64/sysroot/usr/lib/i686-linux-android]
    arg [-L/home/yang/pro/android/android-sdk-linux/ndk/21.4.7075529/toolchains/llvm/prebuilt/linux-x86_64/lib/gcc/i686-linux-android/4.9.x/../../../../i686-linux-android/lib] ==> dir [/home/yang/pro/android/android-sdk-linux/ndk/21.4.7075529/toolchains/llvm/prebuilt/linux-x86_64/lib/gcc/i686-linux-android/4.9.x/../../../../i686-linux-android/lib]
    arg [-L/home/yang/pro/android/android-sdk-linux/ndk/21.4.7075529/toolchains/llvm/prebuilt/linux-x86_64/sysroot/usr/lib] ==> dir [/home/yang/pro/android/android-sdk-linux/ndk/21.4.7075529/toolchains/llvm/prebuilt/linux-x86_64/sysroot/usr/lib]
    arg [--exclude-libs] ==> ignore
    arg [libgcc.a] ==> ignore
    arg [--exclude-libs] ==> ignore
    arg [libgcc_real.a] ==> ignore
    arg [--exclude-libs] ==> ignore
    arg [libatomic.a] ==> ignore
    arg [--build-id] ==> ignore
    arg [--fatal-warnings] ==> ignore
    arg [--no-undefined] ==> ignore
    arg [--gc-sections] ==> ignore
    arg [CMakeFiles/cmTC_960a7.dir/CMakeCCompilerABI.c.o] ==> ignore
    arg [-lgcc] ==> lib [gcc]
    arg [-ldl] ==> lib [dl]
    arg [-lc] ==> lib [c]
    arg [-lgcc] ==> lib [gcc]
    arg [-ldl] ==> lib [dl]
    arg [/home/yang/pro/android/android-sdk-linux/ndk/21.4.7075529/toolchains/llvm/prebuilt/linux-x86_64/sysroot/usr/lib/i686-linux-android/29/crtend_android.o] ==> ignore
  collapse library dir [/home/yang/pro/android/android-sdk-linux/ndk/21.4.7075529/toolchains/llvm/prebuilt/linux-x86_64/lib64/clang/9.0.9/lib/linux/i386] ==> [/home/yang/pro/android/android-sdk-linux/ndk/21.4.7075529/toolchains/llvm/prebuilt/linux-x86_64/lib64/clang/9.0.9/lib/linux/i386]
  collapse library dir [/home/yang/pro/android/android-sdk-linux/ndk/21.4.7075529/toolchains/llvm/prebuilt/linux-x86_64/lib/gcc/i686-linux-android/4.9.x] ==> [/home/yang/pro/android/android-sdk-linux/ndk/21.4.7075529/toolchains/llvm/prebuilt/linux-x86_64/lib/gcc/i686-linux-android/4.9.x]
  collapse library dir [/home/yang/pro/android/android-sdk-linux/ndk/21.4.7075529/toolchains/llvm/prebuilt/linux-x86_64/sysroot/usr/lib/i686-linux-android/29] ==> [/home/yang/pro/android/android-sdk-linux/ndk/21.4.7075529/toolchains/llvm/prebuilt/linux-x86_64/sysroot/usr/lib/i686-linux-android/29]
  collapse library dir [/home/yang/pro/android/android-sdk-linux/ndk/21.4.7075529/toolchains/llvm/prebuilt/linux-x86_64/sysroot/usr/lib/i686-linux-android] ==> [/home/yang/pro/android/android-sdk-linux/ndk/21.4.7075529/toolchains/llvm/prebuilt/linux-x86_64/sysroot/usr/lib/i686-linux-android]
  collapse library dir [/home/yang/pro/android/android-sdk-linux/ndk/21.4.7075529/toolchains/llvm/prebuilt/linux-x86_64/lib/gcc/i686-linux-android/4.9.x/../../../../i686-linux-android/lib] ==> [/home/yang/pro/android/android-sdk-linux/ndk/21.4.7075529/toolchains/llvm/prebuilt/linux-x86_64/i686-linux-android/lib]
  collapse library dir [/home/yang/pro/android/android-sdk-linux/ndk/21.4.7075529/toolchains/llvm/prebuilt/linux-x86_64/sysroot/usr/lib] ==> [/home/yang/pro/android/android-sdk-linux/ndk/21.4.7075529/toolchains/llvm/prebuilt/linux-x86_64/sysroot/usr/lib]
  implicit libs: [gcc;dl;c;gcc;dl]
  implicit dirs: [/home/yang/pro/android/android-sdk-linux/ndk/21.4.7075529/toolchains/llvm/prebuilt/linux-x86_64/lib64/clang/9.0.9/lib/linux/i386;/home/yang/pro/android/android-sdk-linux/ndk/21.4.7075529/toolchains/llvm/prebuilt/linux-x86_64/lib/gcc/i686-linux-android/4.9.x;/home/yang/pro/android/android-sdk-linux/ndk/21.4.7075529/toolchains/llvm/prebuilt/linux-x86_64/sysroot/usr/lib/i686-linux-android/29;/home/yang/pro/android/android-sdk-linux/ndk/21.4.7075529/toolchains/llvm/prebuilt/linux-x86_64/sysroot/usr/lib/i686-linux-android;/home/yang/pro/android/android-sdk-linux/ndk/21.4.7075529/toolchains/llvm/prebuilt/linux-x86_64/i686-linux-android/lib;/home/yang/pro/android/android-sdk-linux/ndk/21.4.7075529/toolchains/llvm/prebuilt/linux-x86_64/sysroot/usr/lib]
  implicit fwks: []


Detecting CXX compiler ABI info compiled with the following output:
Change Dir: /home/yang/yangpro/metartc3/metapushstream3_android/app/.cxx/Debug/5i4l2v6t/x86/CMakeFiles/CMakeTmp

Run Build Command(s):/home/yang/pro/android/android-sdk-linux/cmake/3.18.1/bin/ninja cmTC_78f99 && [1/2] Building CXX object CMakeFiles/cmTC_78f99.dir/CMakeCXXCompilerABI.cpp.o
Android (7019983 based on r365631c3) clang version 9.0.9 (https://android.googlesource.com/toolchain/llvm-project a2a1e703c0edb03ba29944e529ccbf457742737b) (based on LLVM 9.0.9svn)
Target: i686-none-linux-android29
Thread model: posix
InstalledDir: /home/yang/pro/android/android-sdk-linux/ndk/21.4.7075529/toolchains/llvm/prebuilt/linux-x86_64/bin
Found candidate GCC installation: /home/yang/pro/android/android-sdk-linux/ndk/21.4.7075529/toolchains/llvm/prebuilt/linux-x86_64/lib/gcc/i686-linux-android/4.9.x
Found candidate GCC installation: /home/yang/pro/android/android-sdk-linux/ndk/21.4.7075529/toolchains/llvm/prebuilt/linux-x86_64/lib/gcc/x86_64-linux-android/4.9.x
Selected GCC installation: /home/yang/pro/android/android-sdk-linux/ndk/21.4.7075529/toolchains/llvm/prebuilt/linux-x86_64/lib/gcc/i686-linux-android/4.9.x
Candidate multilib: .;@m32
Selected multilib: .;@m32
 "/home/yang/pro/android/android-sdk-linux/ndk/21.4.7075529/toolchains/llvm/prebuilt/linux-x86_64/bin/clang++" -cc1 -triple i686-none-linux-android29 -emit-obj -mrelax-all -mnoexecstack -disable-free -disable-llvm-verifier -discard-value-names -main-file-name CMakeCXXCompilerABI.cpp -mrelocation-model pic -pic-level 2 -pic-is-pie -mthread-model posix -mdisable-fp-elim -masm-verbose -mconstructor-aliases -munwind-tables -fuse-init-array -target-cpu i686 -target-feature +ssse3 -dwarf-column-info -debug-info-kind=limited -dwarf-version=4 -debugger-tuning=gdb -v -ffunction-sections -fdata-sections -coverage-notes-file /home/yang/yangpro/metartc3/metapushstream3_android/app/.cxx/Debug/5i4l2v6t/x86/CMakeFiles/CMakeTmp/CMakeFiles/cmTC_78f99.dir/CMakeCXXCompilerABI.cpp.gcno -resource-dir /home/yang/pro/android/android-sdk-linux/ndk/21.4.7075529/toolchains/llvm/prebuilt/linux-x86_64/lib64/clang/9.0.9 -dependency-file CMakeFiles/cmTC_78f99.dir/CMakeCXXCompilerABI.cpp.o.d -sys-header-deps -MT CMakeFiles/cmTC_78f99.dir/CMakeCXXCompilerABI.cpp.o -D ANDROID -D _FORTIFY_SOURCE=2 -isysroot /home/yang/pro/android/android-sdk-linux/ndk/21.4.7075529/toolchains/llvm/prebuilt/linux-x86_64/sysroot -internal-isystem /home/yang/pro/android/android-sdk-linux/ndk/21.4.7075529/toolchains/llvm/prebuilt/linux-x86_64/sysroot/usr/include/c++/v1 -internal-isystem /home/yang/pro/android/android-sdk-linux/ndk/21.4.7075529/toolchains/llvm/prebuilt/linux-x86_64/sysroot/usr/local/include -internal-isystem /home/yang/pro/android/android-sdk-linux/ndk/21.4.7075529/toolchains/llvm/prebuilt/linux-x86_64/lib64/clang/9.0.9/include -internal-externc-isystem /home/yang/pro/android/android-sdk-linux/ndk/21.4.7075529/toolchains/llvm/prebuilt/linux-x86_64/sysroot/usr/include/i686-linux-android -internal-externc-isystem /home/yang/pro/android/android-sdk-linux/ndk/21.4.7075529/toolchains/llvm/prebuilt/linux-x86_64/sysroot/include -internal-externc-isystem /home/yang/pro/android/android-sdk-linux/ndk/21.4.7075529/toolchains/llvm/prebuilt/linux-x86_64/sysroot/usr/include -Wformat -fdeprecated-macro -fdebug-compilation-dir /home/yang/yangpro/metartc3/metapushstream3_android/app/.cxx/Debug/5i4l2v6t/x86/CMakeFiles/CMakeTmp -ferror-limit 19 -fmessage-length 0 -stack-protector 2 -fobjc-runtime=gcc -fcxx-exceptions -fexceptions -fdiagnostics-show-option -o CMakeFiles/cmTC_78f99.dir/CMakeCXXCompilerABI.cpp.o -x c++ /home/yang/pro/android/android-sdk-linux/cmake/3.18.1/share/cmake-3.18/Modules/CMakeCXXCompilerABI.cpp
clang -cc1 version 9.0.9 based upon LLVM 9.0.9svn default target x86_64-unknown-linux-gnu
ignoring nonexistent directory "/home/yang/pro/android/android-sdk-linux/ndk/21.4.7075529/toolchains/llvm/prebuilt/linux-x86_64/sysroot/include"
#include "..." search starts here:
#include <...> search starts here:
 /home/yang/pro/android/android-sdk-linux/ndk/21.4.7075529/toolchains/llvm/prebuilt/linux-x86_64/sysroot/usr/include/c++/v1
 /home/yang/pro/android/android-sdk-linux/ndk/21.4.7075529/toolchains/llvm/prebuilt/linux-x86_64/sysroot/usr/local/include
 /home/yang/pro/android/android-sdk-linux/ndk/21.4.7075529/toolchains/llvm/prebuilt/linux-x86_64/lib64/clang/9.0.9/include
 /home/yang/pro/android/android-sdk-linux/ndk/21.4.7075529/toolchains/llvm/prebuilt/linux-x86_64/sysroot/usr/include/i686-linux-android
 /home/yang/pro/android/android-sdk-linux/ndk/21.4.7075529/toolchains/llvm/prebuilt/linux-x86_64/sysroot/usr/include
End of search list.
[2/2] Linking CXX executable cmTC_78f99
Android (7019983 based on r365631c3) clang version 9.0.9 (https://android.googlesource.com/toolchain/llvm-project a2a1e703c0edb03ba29944e529ccbf457742737b) (based on LLVM 9.0.9svn)
Target: i686-none-linux-android29
Thread model: posix
InstalledDir: /home/yang/pro/android/android-sdk-linux/ndk/21.4.7075529/toolchains/llvm/prebuilt/linux-x86_64/bin
Found candidate GCC installation: /home/yang/pro/android/android-sdk-linux/ndk/21.4.7075529/toolchains/llvm/prebuilt/linux-x86_64/lib/gcc/i686-linux-android/4.9.x
Found candidate GCC installation: /home/yang/pro/android/android-sdk-linux/ndk/21.4.7075529/toolchains/llvm/prebuilt/linux-x86_64/lib/gcc/x86_64-linux-android/4.9.x
Selected GCC installation: /home/yang/pro/android/android-sdk-linux/ndk/21.4.7075529/toolchains/llvm/prebuilt/linux-x86_64/lib/gcc/i686-linux-android/4.9.x
Candidate multilib: .;@m32
Selected multilib: .;@m32
 "/home/yang/pro/android/android-sdk-linux/ndk/21.4.7075529/toolchains/llvm/prebuilt/linux-x86_64/lib/gcc/i686-linux-android/4.9.x/../../../../i686-linux-android/bin/ld" --sysroot=/home/yang/pro/android/android-sdk-linux/ndk/21.4.7075529/toolchains/llvm/prebuilt/linux-x86_64/sysroot -pie -z noexecstack --warn-shared-textrel -z now -z relro --hash-style=gnu --hash-style=both --enable-new-dtags --eh-frame-hdr -m elf_i386 -dynamic-linker /system/bin/linker -o cmTC_78f99 /home/yang/pro/android/android-sdk-linux/ndk/21.4.7075529/toolchains/llvm/prebuilt/linux-x86_64/sysroot/usr/lib/i686-linux-android/29/crtbegin_dynamic.o -L/home/yang/pro/android/android-sdk-linux/ndk/21.4.7075529/toolchains/llvm/prebuilt/linux-x86_64/lib64/clang/9.0.9/lib/linux/i386 -L/home/yang/pro/android/android-sdk-linux/ndk/21.4.7075529/toolchains/llvm/prebuilt/linux-x86_64/lib/gcc/i686-linux-android/4.9.x -L/home/yang/pro/android/android-sdk-linux/ndk/21.4.7075529/toolchains/llvm/prebuilt/linux-x86_64/sysroot/usr/lib/i686-linux-android/29 -L/home/yang/pro/android/android-sdk-linux/ndk/21.4.7075529/toolchains/llvm/prebuilt/linux-x86_64/sysroot/usr/lib/i686-linux-android -L/home/yang/pro/android/android-sdk-linux/ndk/21.4.7075529/toolchains/llvm/prebuilt/linux-x86_64/lib/gcc/i686-linux-android/4.9.x/../../../../i686-linux-android/lib -L/home/yang/pro/android/android-sdk-linux/ndk/21.4.7075529/toolchains/llvm/prebuilt/linux-x86_64/sysroot/usr/lib --exclude-libs libgcc.a --exclude-libs libgcc_real.a --exclude-libs libatomic.a --build-id --fatal-warnings --no-undefined --gc-sections CMakeFiles/cmTC_78f99.dir/CMakeCXXCompilerABI.cpp.o -Bstatic -lc++ -Bdynamic -lm -lgcc -ldl -lc -lgcc -ldl /home/yang/pro/android/android-sdk-linux/ndk/21.4.7075529/toolchains/llvm/prebuilt/linux-x86_64/sysroot/usr/lib/i686-linux-android/29/crtend_android.o



Parsed CXX implicit include dir info from above output: rv=done
  found start of include info
  found start of implicit include info
    add: [/home/yang/pro/android/android-sdk-linux/ndk/21.4.7075529/toolchains/llvm/prebuilt/linux-x86_64/sysroot/usr/include/c++/v1]
    add: [/home/yang/pro/android/android-sdk-linux/ndk/21.4.7075529/toolchains/llvm/prebuilt/linux-x86_64/sysroot/usr/local/include]
    add: [/home/yang/pro/android/android-sdk-linux/ndk/21.4.7075529/toolchains/llvm/prebuilt/linux-x86_64/lib64/clang/9.0.9/include]
    add: [/home/yang/pro/android/android-sdk-linux/ndk/21.4.7075529/toolchains/llvm/prebuilt/linux-x86_64/sysroot/usr/include/i686-linux-android]
    add: [/home/yang/pro/android/android-sdk-linux/ndk/21.4.7075529/toolchains/llvm/prebuilt/linux-x86_64/sysroot/usr/include]
  end of search list found
  collapse include dir [/home/yang/pro/android/android-sdk-linux/ndk/21.4.7075529/toolchains/llvm/prebuilt/linux-x86_64/sysroot/usr/include/c++/v1] ==> [/home/yang/pro/android/android-sdk-linux/ndk/21.4.7075529/toolchains/llvm/prebuilt/linux-x86_64/sysroot/usr/include/c++/v1]
  collapse include dir [/home/yang/pro/android/android-sdk-linux/ndk/21.4.7075529/toolchains/llvm/prebuilt/linux-x86_64/sysroot/usr/local/include] ==> [/home/yang/pro/android/android-sdk-linux/ndk/21.4.7075529/toolchains/llvm/prebuilt/linux-x86_64/sysroot/usr/local/include]
  collapse include dir [/home/yang/pro/android/android-sdk-linux/ndk/21.4.7075529/toolchains/llvm/prebuilt/linux-x86_64/lib64/clang/9.0.9/include] ==> [/home/yang/pro/android/android-sdk-linux/ndk/21.4.7075529/toolchains/llvm/prebuilt/linux-x86_64/lib64/clang/9.0.9/include]
  collapse include dir [/home/yang/pro/android/android-sdk-linux/ndk/21.4.7075529/toolchains/llvm/prebuilt/linux-x86_64/sysroot/usr/include/i686-linux-android] ==> [/home/yang/pro/android/android-sdk-linux/ndk/21.4.7075529/toolchains/llvm/prebuilt/linux-x86_64/sysroot/usr/include/i686-linux-android]
  collapse include dir [/home/yang/pro/android/android-sdk-linux/ndk/21.4.7075529/toolchains/llvm/prebuilt/linux-x86_64/sysroot/usr/include] ==> [/home/yang/pro/android/android-sdk-linux/ndk/21.4.7075529/toolchains/llvm/prebuilt/linux-x86_64/sysroot/usr/include]
  implicit include dirs: [/home/yang/pro/android/android-sdk-linux/ndk/21.4.7075529/toolchains/llvm/prebuilt/linux-x86_64/sysroot/usr/include/c++/v1;/home/yang/pro/android/android-sdk-linux/ndk/21.4.7075529/toolchains/llvm/prebuilt/linux-x86_64/sysroot/usr/local/include;/home/yang/pro/android/android-sdk-linux/ndk/21.4.7075529/toolchains/llvm/prebuilt/linux-x86_64/lib64/clang/9.0.9/include;/home/yang/pro/android/android-sdk-linux/ndk/21.4.7075529/toolchains/llvm/prebuilt/linux-x86_64/sysroot/usr/include/i686-linux-android;/home/yang/pro/android/android-sdk-linux/ndk/21.4.7075529/toolchains/llvm/prebuilt/linux-x86_64/sysroot/usr/include]


Parsed CXX implicit link information from above output:
  link line regex: [^( *|.*[/\])(i686-linux-android-ld|CMAKE_LINK_STARTFILE-NOTFOUND|([^/\]+-)?ld|collect2)[^/\]*( |$)]
  ignore line: [Change Dir: /home/yang/yangpro/metartc3/metapushstream3_android/app/.cxx/Debug/5i4l2v6t/x86/CMakeFiles/CMakeTmp]
  ignore line: []
  ignore line: [Run Build Command(s):/home/yang/pro/android/android-sdk-linux/cmake/3.18.1/bin/ninja cmTC_78f99 && [1/2] Building CXX object CMakeFiles/cmTC_78f99.dir/CMakeCXXCompilerABI.cpp.o]
  ignore line: [Android (7019983 based on r365631c3) clang version 9.0.9 (https://android.googlesource.com/toolchain/llvm-project a2a1e703c0edb03ba29944e529ccbf457742737b) (based on LLVM 9.0.9svn)]
  ignore line: [Target: i686-none-linux-android29]
  ignore line: [Thread model: posix]
  ignore line: [InstalledDir: /home/yang/pro/android/android-sdk-linux/ndk/21.4.7075529/toolchains/llvm/prebuilt/linux-x86_64/bin]
  ignore line: [Found candidate GCC installation: /home/yang/pro/android/android-sdk-linux/ndk/21.4.7075529/toolchains/llvm/prebuilt/linux-x86_64/lib/gcc/i686-linux-android/4.9.x]
  ignore line: [Found candidate GCC installation: /home/yang/pro/android/android-sdk-linux/ndk/21.4.7075529/toolchains/llvm/prebuilt/linux-x86_64/lib/gcc/x86_64-linux-android/4.9.x]
  ignore line: [Selected GCC installation: /home/yang/pro/android/android-sdk-linux/ndk/21.4.7075529/toolchains/llvm/prebuilt/linux-x86_64/lib/gcc/i686-linux-android/4.9.x]
  ignore line: [Candidate multilib: .]
  ignore line: [@m32]
  ignore line: [Selected multilib: .]
  ignore line: [@m32]
  ignore line: [ "/home/yang/pro/android/android-sdk-linux/ndk/21.4.7075529/toolchains/llvm/prebuilt/linux-x86_64/bin/clang++" -cc1 -triple i686-none-linux-android29 -emit-obj -mrelax-all -mnoexecstack -disable-free -disable-llvm-verifier -discard-value-names -main-file-name CMakeCXXCompilerABI.cpp -mrelocation-model pic -pic-level 2 -pic-is-pie -mthread-model posix -mdisable-fp-elim -masm-verbose -mconstructor-aliases -munwind-tables -fuse-init-array -target-cpu i686 -target-feature +ssse3 -dwarf-column-info -debug-info-kind=limited -dwarf-version=4 -debugger-tuning=gdb -v -ffunction-sections -fdata-sections -coverage-notes-file /home/yang/yangpro/metartc3/metapushstream3_android/app/.cxx/Debug/5i4l2v6t/x86/CMakeFiles/CMakeTmp/CMakeFiles/cmTC_78f99.dir/CMakeCXXCompilerABI.cpp.gcno -resource-dir /home/yang/pro/android/android-sdk-linux/ndk/21.4.7075529/toolchains/llvm/prebuilt/linux-x86_64/lib64/clang/9.0.9 -dependency-file CMakeFiles/cmTC_78f99.dir/CMakeCXXCompilerABI.cpp.o.d -sys-header-deps -MT CMakeFiles/cmTC_78f99.dir/CMakeCXXCompilerABI.cpp.o -D ANDROID -D _FORTIFY_SOURCE=2 -isysroot /home/yang/pro/android/android-sdk-linux/ndk/21.4.7075529/toolchains/llvm/prebuilt/linux-x86_64/sysroot -internal-isystem /home/yang/pro/android/android-sdk-linux/ndk/21.4.7075529/toolchains/llvm/prebuilt/linux-x86_64/sysroot/usr/include/c++/v1 -internal-isystem /home/yang/pro/android/android-sdk-linux/ndk/21.4.7075529/toolchains/llvm/prebuilt/linux-x86_64/sysroot/usr/local/include -internal-isystem /home/yang/pro/android/android-sdk-linux/ndk/21.4.7075529/toolchains/llvm/prebuilt/linux-x86_64/lib64/clang/9.0.9/include -internal-externc-isystem /home/yang/pro/android/android-sdk-linux/ndk/21.4.7075529/toolchains/llvm/prebuilt/linux-x86_64/sysroot/usr/include/i686-linux-android -internal-externc-isystem /home/yang/pro/android/android-sdk-linux/ndk/21.4.7075529/toolchains/llvm/prebuilt/linux-x86_64/sysroot/include -internal-externc-isystem /home/yang/pro/android/android-sdk-linux/ndk/21.4.7075529/toolchains/llvm/prebuilt/linux-x86_64/sysroot/usr/include -Wformat -fdeprecated-macro -fdebug-compilation-dir /home/yang/yangpro/metartc3/metapushstream3_android/app/.cxx/Debug/5i4l2v6t/x86/CMakeFiles/CMakeTmp -ferror-limit 19 -fmessage-length 0 -stack-protector 2 -fobjc-runtime=gcc -fcxx-exceptions -fexceptions -fdiagnostics-show-option -o CMakeFiles/cmTC_78f99.dir/CMakeCXXCompilerABI.cpp.o -x c++ /home/yang/pro/android/android-sdk-linux/cmake/3.18.1/share/cmake-3.18/Modules/CMakeCXXCompilerABI.cpp]
  ignore line: [clang -cc1 version 9.0.9 based upon LLVM 9.0.9svn default target x86_64-unknown-linux-gnu]
  ignore line: [ignoring nonexistent directory "/home/yang/pro/android/android-sdk-linux/ndk/21.4.7075529/toolchains/llvm/prebuilt/linux-x86_64/sysroot/include"]
  ignore line: [#include "..." search starts here:]
  ignore line: [#include <...> search starts here:]
  ignore line: [ /home/yang/pro/android/android-sdk-linux/ndk/21.4.7075529/toolchains/llvm/prebuilt/linux-x86_64/sysroot/usr/include/c++/v1]
  ignore line: [ /home/yang/pro/android/android-sdk-linux/ndk/21.4.7075529/toolchains/llvm/prebuilt/linux-x86_64/sysroot/usr/local/include]
  ignore line: [ /home/yang/pro/android/android-sdk-linux/ndk/21.4.7075529/toolchains/llvm/prebuilt/linux-x86_64/lib64/clang/9.0.9/include]
  ignore line: [ /home/yang/pro/android/android-sdk-linux/ndk/21.4.7075529/toolchains/llvm/prebuilt/linux-x86_64/sysroot/usr/include/i686-linux-android]
  ignore line: [ /home/yang/pro/android/android-sdk-linux/ndk/21.4.7075529/toolchains/llvm/prebuilt/linux-x86_64/sysroot/usr/include]
  ignore line: [End of search list.]
  ignore line: [[2/2] Linking CXX executable cmTC_78f99]
  ignore line: [Android (7019983 based on r365631c3) clang version 9.0.9 (https://android.googlesource.com/toolchain/llvm-project a2a1e703c0edb03ba29944e529ccbf457742737b) (based on LLVM 9.0.9svn)]
  ignore line: [Target: i686-none-linux-android29]
  ignore line: [Thread model: posix]
  ignore line: [InstalledDir: /home/yang/pro/android/android-sdk-linux/ndk/21.4.7075529/toolchains/llvm/prebuilt/linux-x86_64/bin]
  ignore line: [Found candidate GCC installation: /home/yang/pro/android/android-sdk-linux/ndk/21.4.7075529/toolchains/llvm/prebuilt/linux-x86_64/lib/gcc/i686-linux-android/4.9.x]
  ignore line: [Found candidate GCC installation: /home/yang/pro/android/android-sdk-linux/ndk/21.4.7075529/toolchains/llvm/prebuilt/linux-x86_64/lib/gcc/x86_64-linux-android/4.9.x]
  ignore line: [Selected GCC installation: /home/yang/pro/android/android-sdk-linux/ndk/21.4.7075529/toolchains/llvm/prebuilt/linux-x86_64/lib/gcc/i686-linux-android/4.9.x]
  ignore line: [Candidate multilib: .]
  ignore line: [@m32]
  ignore line: [Selected multilib: .]
  ignore line: [@m32]
  link line: [ "/home/yang/pro/android/android-sdk-linux/ndk/21.4.7075529/toolchains/llvm/prebuilt/linux-x86_64/lib/gcc/i686-linux-android/4.9.x/../../../../i686-linux-android/bin/ld" --sysroot=/home/yang/pro/android/android-sdk-linux/ndk/21.4.7075529/toolchains/llvm/prebuilt/linux-x86_64/sysroot -pie -z noexecstack --warn-shared-textrel -z now -z relro --hash-style=gnu --hash-style=both --enable-new-dtags --eh-frame-hdr -m elf_i386 -dynamic-linker /system/bin/linker -o cmTC_78f99 /home/yang/pro/android/android-sdk-linux/ndk/21.4.7075529/toolchains/llvm/prebuilt/linux-x86_64/sysroot/usr/lib/i686-linux-android/29/crtbegin_dynamic.o -L/home/yang/pro/android/android-sdk-linux/ndk/21.4.7075529/toolchains/llvm/prebuilt/linux-x86_64/lib64/clang/9.0.9/lib/linux/i386 -L/home/yang/pro/android/android-sdk-linux/ndk/21.4.7075529/toolchains/llvm/prebuilt/linux-x86_64/lib/gcc/i686-linux-android/4.9.x -L/home/yang/pro/android/android-sdk-linux/ndk/21.4.7075529/toolchains/llvm/prebuilt/linux-x86_64/sysroot/usr/lib/i686-linux-android/29 -L/home/yang/pro/android/android-sdk-linux/ndk/21.4.7075529/toolchains/llvm/prebuilt/linux-x86_64/sysroot/usr/lib/i686-linux-android -L/home/yang/pro/android/android-sdk-linux/ndk/21.4.7075529/toolchains/llvm/prebuilt/linux-x86_64/lib/gcc/i686-linux-android/4.9.x/../../../../i686-linux-android/lib -L/home/yang/pro/android/android-sdk-linux/ndk/21.4.7075529/toolchains/llvm/prebuilt/linux-x86_64/sysroot/usr/lib --exclude-libs libgcc.a --exclude-libs libgcc_real.a --exclude-libs libatomic.a --build-id --fatal-warnings --no-undefined --gc-sections CMakeFiles/cmTC_78f99.dir/CMakeCXXCompilerABI.cpp.o -Bstatic -lc++ -Bdynamic -lm -lgcc -ldl -lc -lgcc -ldl /home/yang/pro/android/android-sdk-linux/ndk/21.4.7075529/toolchains/llvm/prebuilt/linux-x86_64/sysroot/usr/lib/i686-linux-android/29/crtend_android.o]
    arg [/home/yang/pro/android/android-sdk-linux/ndk/21.4.7075529/toolchains/llvm/prebuilt/linux-x86_64/lib/gcc/i686-linux-android/4.9.x/../../../../i686-linux-android/bin/ld] ==> ignore
    arg [--sysroot=/home/yang/pro/android/android-sdk-linux/ndk/21.4.7075529/toolchains/llvm/prebuilt/linux-x86_64/sysroot] ==> ignore
    arg [-pie] ==> ignore
    arg [-znoexecstack] ==> ignore
    arg [--warn-shared-textrel] ==> ignore
    arg [-znow] ==> ignore
    arg [-zrelro] ==> ignore
    arg [--hash-style=gnu] ==> ignore
    arg [--hash-style=both] ==> ignore
    arg [--enable-new-dtags] ==> ignore
    arg [--eh-frame-hdr] ==> ignore
    arg [-m] ==> ignore
    arg [elf_i386] ==> ignore
    arg [-dynamic-linker] ==> ignore
    arg [/system/bin/linker] ==> ignore
    arg [-o] ==> ignore
    arg [cmTC_78f99] ==> ignore
    arg [/home/yang/pro/android/android-sdk-linux/ndk/21.4.7075529/toolchains/llvm/prebuilt/linux-x86_64/sysroot/usr/lib/i686-linux-android/29/crtbegin_dynamic.o] ==> ignore
    arg [-L/home/yang/pro/android/android-sdk-linux/ndk/21.4.7075529/toolchains/llvm/prebuilt/linux-x86_64/lib64/clang/9.0.9/lib/linux/i386] ==> dir [/home/yang/pro/android/android-sdk-linux/ndk/21.4.7075529/toolchains/llvm/prebuilt/linux-x86_64/lib64/clang/9.0.9/lib/linux/i386]
    arg [-L/home/yang/pro/android/android-sdk-linux/ndk/21.4.7075529/toolchains/llvm/prebuilt/linux-x86_64/lib/gcc/i686-linux-android/4.9.x] ==> dir [/home/yang/pro/android/android-sdk-linux/ndk/21.4.7075529/toolchains/llvm/prebuilt/linux-x86_64/lib/gcc/i686-linux-android/4.9.x]
    arg [-L/home/yang/pro/android/android-sdk-linux/ndk/21.4.7075529/toolchains/llvm/prebuilt/linux-x86_64/sysroot/usr/lib/i686-linux-android/29] ==> dir [/home/yang/pro/android/android-sdk-linux/ndk/21.4.7075529/toolchains/llvm/prebuilt/linux-x86_64/sysroot/usr/lib/i686-linux-android/29]
    arg [-L/home/yang/pro/android/android-sdk-linux/ndk/21.4.7075529/toolchains/llvm/prebuilt/linux-x86_64/sysroot/usr/lib/i686-linux-android] ==> dir [/home/yang/pro/android/android-sdk-linux/ndk/21.4.7075529/toolchains/llvm/prebuilt/linux-x86_64/sysroot/usr/lib/i686-linux-android]
    arg [-L/home/yang/pro/android/android-sdk-linux/ndk/21.4.7075529/toolchains/llvm/prebuilt/linux-x86_64/lib/gcc/i686-linux-android/4.9.x/../../../../i686-linux-android/lib] ==> dir [/home/yang/pro/android/android-sdk-linux/ndk/21.4.7075529/toolchains/llvm/prebuilt/linux-x86_64/lib/gcc/i686-linux-android/4.9.x/../../../../i686-linux-android/lib]
    arg [-L/home/yang/pro/android/android-sdk-linux/ndk/21.4.7075529/toolchains/llvm/prebuilt/linux-x86_64/sysroot/usr/lib] ==> dir [/home/yang/pro/android/android-sdk-linux/ndk/21.4.7075529/toolchains/llvm/prebuilt/linux-x86_64/sysroot/usr/lib]
    arg [--exclude-libs] ==> ignore
    arg [libgcc.a] ==> ignore
    arg [--exclude-libs] ==> ignore
    arg [libgcc_real.a] ==> ignore
    arg [--exclude-libs] ==> ignore
    arg [libatomic.a] ==> ignore
    arg [--build-id] ==> ignore
    arg [--fatal-warnings] ==> ignore
    arg [--no-undefined] ==> ignore
    arg [--gc-sections] ==> ignore
    arg [CMakeFiles/cmTC_78f99.dir/CMakeCXXCompilerABI.cpp.o] ==> ignore
    arg [-Bstatic] ==> ignore
    arg [-lc++] ==> lib [c++]
    arg [-Bdynamic] ==> ignore
    arg [-lm] ==> lib [m]
    arg [-lgcc] ==> lib [gcc]
    arg [-ldl] ==> lib [dl]
    arg [-lc] ==> lib [c]
    arg [-lgcc] ==> lib [gcc]
    arg [-ldl] ==> lib [dl]
    arg [/home/yang/pro/android/android-sdk-linux/ndk/21.4.7075529/toolchains/llvm/prebuilt/linux-x86_64/sysroot/usr/lib/i686-linux-android/29/crtend_android.o] ==> ignore
  collapse library dir [/home/yang/pro/android/android-sdk-linux/ndk/21.4.7075529/toolchains/llvm/prebuilt/linux-x86_64/lib64/clang/9.0.9/lib/linux/i386] ==> [/home/yang/pro/android/android-sdk-linux/ndk/21.4.7075529/toolchains/llvm/prebuilt/linux-x86_64/lib64/clang/9.0.9/lib/linux/i386]
  collapse library dir [/home/yang/pro/android/android-sdk-linux/ndk/21.4.7075529/toolchains/llvm/prebuilt/linux-x86_64/lib/gcc/i686-linux-android/4.9.x] ==> [/home/yang/pro/android/android-sdk-linux/ndk/21.4.7075529/toolchains/llvm/prebuilt/linux-x86_64/lib/gcc/i686-linux-android/4.9.x]
  collapse library dir [/home/yang/pro/android/android-sdk-linux/ndk/21.4.7075529/toolchains/llvm/prebuilt/linux-x86_64/sysroot/usr/lib/i686-linux-android/29] ==> [/home/yang/pro/android/android-sdk-linux/ndk/21.4.7075529/toolchains/llvm/prebuilt/linux-x86_64/sysroot/usr/lib/i686-linux-android/29]
  collapse library dir [/home/yang/pro/android/android-sdk-linux/ndk/21.4.7075529/toolchains/llvm/prebuilt/linux-x86_64/sysroot/usr/lib/i686-linux-android] ==> [/home/yang/pro/android/android-sdk-linux/ndk/21.4.7075529/toolchains/llvm/prebuilt/linux-x86_64/sysroot/usr/lib/i686-linux-android]
  collapse library dir [/home/yang/pro/android/android-sdk-linux/ndk/21.4.7075529/toolchains/llvm/prebuilt/linux-x86_64/lib/gcc/i686-linux-android/4.9.x/../../../../i686-linux-android/lib] ==> [/home/yang/pro/android/android-sdk-linux/ndk/21.4.7075529/toolchains/llvm/prebuilt/linux-x86_64/i686-linux-android/lib]
  collapse library dir [/home/yang/pro/android/android-sdk-linux/ndk/21.4.7075529/toolchains/llvm/prebuilt/linux-x86_64/sysroot/usr/lib] ==> [/home/yang/pro/android/android-sdk-linux/ndk/21.4.7075529/toolchains/llvm/prebuilt/linux-x86_64/sysroot/usr/lib]
  implicit libs: [c++;m;gcc;dl;c;gcc;dl]
  implicit dirs: [/home/yang/pro/android/android-sdk-linux/ndk/21.4.7075529/toolchains/llvm/prebuilt/linux-x86_64/lib64/clang/9.0.9/lib/linux/i386;/home/yang/pro/android/android-sdk-linux/ndk/21.4.7075529/toolchains/llvm/prebuilt/linux-x86_64/lib/gcc/i686-linux-android/4.9.x;/home/yang/pro/android/android-sdk-linux/ndk/21.4.7075529/toolchains/llvm/prebuilt/linux-x86_64/sysroot/usr/lib/i686-linux-android/29;/home/yang/pro/android/android-sdk-linux/ndk/21.4.7075529/toolchains/llvm/prebuilt/linux-x86_64/sysroot/usr/lib/i686-linux-android;/home/yang/pro/android/android-sdk-linux/ndk/21.4.7075529/toolchains/llvm/prebuilt/linux-x86_64/i686-linux-android/lib;/home/yang/pro/android/android-sdk-linux/ndk/21.4.7075529/toolchains/llvm/prebuilt/linux-x86_64/sysroot/usr/lib]
  implicit fwks: []


